2024-08-12 20:40:20 error: Error getting posts: Converting circular structure to JSON
    --> starting at object with constructor 'MongoClient'
    |     property 's' -> object with constructor 'Object'
    |     property 'sessionPool' -> object with constructor 'ServerSessionPool'
    --- property 'client' closes the circle
2024-08-12 21:13:06 error: Error getting posts: Postt is not defined
2024-08-12 21:15:44 error: Error during login: Invalid email or password
2024-08-12 21:15:51 error: Error during login: Invalid email or password
2024-08-12 21:16:24 error: Error during login: Invalid email or password
2024-08-12 21:17:13 error: Error during login: Invalid email or password
2024-08-12 21:18:25 error: Error during signup: Userr is not defined
2024-08-12 21:20:04 error: Error during login: Illegal arguments: string, undefined
2024-08-12 21:56:58 error: Error getting posts: Postt is not defined
2024-08-12 21:56:58 error: Error: Postt is not defined, Status Code: 500
2024-08-12 21:57:36 error: Error: jwt must be provided, Status Code: 500
2024-09-09 14:54:26 error: Failed to connect to MongoDB The `uri` parameter to `openUri()` must be a string, got "undefined". Make sure the first parameter to `mongoose.connect()` or `mongoose.createConnection()` is a string.
2024-09-09 14:54:45 error: Failed to connect to MongoDB The `uri` parameter to `openUri()` must be a string, got "undefined". Make sure the first parameter to `mongoose.connect()` or `mongoose.createConnection()` is a string.
2024-09-09 15:00:29 error: Failed to connect to MongoDB The `uri` parameter to `openUri()` must be a string, got "undefined". Make sure the first parameter to `mongoose.connect()` or `mongoose.createConnection()` is a string.
2024-09-09 15:00:39 error: Failed to connect to MongoDB The `uri` parameter to `openUri()` must be a string, got "undefined". Make sure the first parameter to `mongoose.connect()` or `mongoose.createConnection()` is a string.
2024-09-09 15:00:42 error: Failed to connect to MongoDB The `uri` parameter to `openUri()` must be a string, got "undefined". Make sure the first parameter to `mongoose.connect()` or `mongoose.createConnection()` is a string.
2024-09-09 15:00:46 error: Failed to connect to MongoDB The `uri` parameter to `openUri()` must be a string, got "undefined". Make sure the first parameter to `mongoose.connect()` or `mongoose.createConnection()` is a string.
2024-09-09 15:00:50 error: Failed to connect to MongoDB The `uri` parameter to `openUri()` must be a string, got "undefined". Make sure the first parameter to `mongoose.connect()` or `mongoose.createConnection()` is a string.
2024-09-09 15:00:54 error: Failed to connect to MongoDB The `uri` parameter to `openUri()` must be a string, got "undefined". Make sure the first parameter to `mongoose.connect()` or `mongoose.createConnection()` is a string.
2024-09-09 15:01:05 error: Failed to connect to MongoDB The `uri` parameter to `openUri()` must be a string, got "undefined". Make sure the first parameter to `mongoose.connect()` or `mongoose.createConnection()` is a string.
2024-09-09 15:01:31 error: Failed to connect to MongoDB The `uri` parameter to `openUri()` must be a string, got "undefined". Make sure the first parameter to `mongoose.connect()` or `mongoose.createConnection()` is a string.
2024-09-09 15:02:20 error: Failed to connect to MongoDB The `uri` parameter to `openUri()` must be a string, got "undefined". Make sure the first parameter to `mongoose.connect()` or `mongoose.createConnection()` is a string.
2024-09-09 15:03:56 error: Failed to connect to MongoDB The `uri` parameter to `openUri()` must be a string, got "undefined". Make sure the first parameter to `mongoose.connect()` or `mongoose.createConnection()` is a string.
2024-09-09 15:06:05 error: Failed to connect to MongoDB The `uri` parameter to `openUri()` must be a string, got "undefined". Make sure the first parameter to `mongoose.connect()` or `mongoose.createConnection()` is a string.
2024-09-09 15:07:03 info: Connected to MongoDB Server
2024-09-09 15:07:03 info: Server is running on port 5000
2024-09-09 19:20:28 info: Connected to MongoDB Server
2024-09-09 19:20:28 info: Server is running on port 5000
2024-09-09 19:26:06 error: Error: invalid token, Status Code: 500
2024-09-09 19:26:17 error: Error: invalid token, Status Code: 500
2024-09-09 19:26:47 error: Error: invalid token, Status Code: 500
2024-09-09 19:26:51 error: Error: invalid token, Status Code: 500
2024-09-09 19:26:53 error: Error: invalid token, Status Code: 500
2024-09-09 19:28:08 error: Error: invalid token, Status Code: 500
2024-09-09 19:28:15 error: Error: invalid token, Status Code: 500
2024-09-09 19:28:33 error: Error: invalid token, Status Code: 500
2024-09-09 19:29:14 info: Connected to MongoDB Server
2024-09-09 19:29:14 info: Server is running on port 5000
2024-09-09 19:29:20 error: Error during login: role is not defined
2024-09-09 19:29:20 error: Error: role is not defined, Status Code: 500
2024-09-09 19:29:35 info: Connected to MongoDB Server
2024-09-09 19:29:35 info: Server is running on port 5000
2024-09-09 19:30:55 info: Connected to MongoDB Server
2024-09-09 19:30:55 info: Server is running on port 5000
2024-09-09 19:31:20 info: Connected to MongoDB Server
2024-09-09 19:31:20 info: Server is running on port 5000
2024-09-09 19:31:25 info: Connected to MongoDB Server
2024-09-09 19:31:25 info: Server is running on port 5000
2024-09-09 19:32:25 error: Error: jwt expired, Status Code: 500
2024-09-09 19:34:18 error: Error: Not an image! Please upload only images, Status Code: 500
2024-09-09 19:34:35 error: Error: Not an image! Please upload only images, Status Code: 500
2024-09-09 19:41:35 error: Error: jwt must be provided, Status Code: 500
2024-09-09 22:18:12 error: Error during login: Invalid email or password
2024-09-09 22:18:12 error: Error: Invalid email or password, Status Code: 400
2024-09-09 22:18:14 error: Error during login: Invalid email or password
2024-09-09 22:18:14 error: Error: Invalid email or password, Status Code: 400
2024-09-09 22:19:47 error: Error during login: Invalid email or password
2024-09-09 22:19:47 error: Error: Invalid email or password, Status Code: 400
2024-09-09 22:39:55 error: Error: jwt must be provided, Status Code: 500
2024-09-09 22:39:55 error: Error: jwt must be provided, Status Code: 500
2024-09-09 22:41:20 error: Error: jwt must be provided, Status Code: 500
2024-09-09 22:43:48 error: Error: jwt must be provided, Status Code: 500
2024-09-09 22:43:48 error: Error: jwt must be provided, Status Code: 500
2024-09-09 22:44:06 error: Error: jwt must be provided, Status Code: 500
2024-09-09 23:39:33 error: Error: jwt must be provided, Status Code: 500
2024-09-09 23:44:01 error: Error: jwt must be provided, Status Code: 500
2024-09-09 23:45:48 error: Error: jwt must be provided, Status Code: 500
2024-09-09 23:47:02 error: Error: jwt must be provided, Status Code: 500
2024-09-09 23:51:06 error: Error: jwt must be provided, Status Code: 500
2024-09-09 23:52:54 info: Connected to MongoDB Server
2024-09-09 23:52:54 info: Server is running on port 5000
2024-09-09 23:52:55 error: Error: jwt must be provided, Status Code: 500
2024-09-09 23:53:05 info: Connected to MongoDB Server
2024-09-09 23:53:05 info: Server is running on port 5000
2024-09-09 23:58:45 error: Error: invalid token, Status Code: 500
2024-09-09 23:59:04 error: Error: jwt must be provided, Status Code: 500
2024-09-09 23:59:04 error: Error: jwt must be provided, Status Code: 500
2024-09-09 23:59:19 error: Error: invalid token, Status Code: 500
2024-09-10 00:00:13 error: Error: invalid token, Status Code: 500
2024-09-10 00:03:25 error: Error: Cannot read properties of undefined (reading 'images'), Status Code: 500
2024-09-10 00:06:24 error: Error: Cannot read properties of undefined (reading 'images'), Status Code: 500
2024-09-10 00:08:46 error: Error: Cannot read properties of undefined (reading 'images'), Status Code: 500
2024-09-10 00:09:32 error: Error: Cannot read properties of undefined (reading 'images'), Status Code: 500
2024-09-10 00:21:38 error: Error: jwt must be provided, Status Code: 500
2024-09-10 00:21:38 error: Error: jwt must be provided, Status Code: 500
2024-09-10 00:21:53 error: Error: invalid token, Status Code: 500
2024-09-10 00:25:24 error: Error: invalid token, Status Code: 500
2024-09-10 00:26:17 info: Connected to MongoDB Server
2024-09-10 00:26:17 info: Server is running on port 5000
2024-09-10 00:26:29 error: Error: invalid token, Status Code: 500
2024-09-10 00:30:23 error: Error: jwt must be provided, Status Code: 500
2024-09-10 00:30:23 error: Error: jwt must be provided, Status Code: 500
2024-09-10 00:30:51 error: Error: invalid token, Status Code: 500
2024-09-10 00:31:57 error: Error: invalid token, Status Code: 500
2024-09-10 00:33:19 error: Error: invalid token, Status Code: 500
2024-09-10 00:36:41 error: Error: jwt must be provided, Status Code: 500
2024-09-10 00:36:41 error: Error: jwt must be provided, Status Code: 500
2024-09-10 00:37:09 error: Error: invalid token, Status Code: 500
2024-09-10 00:37:32 error: Error: invalid token, Status Code: 500
2024-09-10 00:41:03 error: Error: invalid token, Status Code: 500
2024-09-10 00:42:50 error: Error: jwt must be provided, Status Code: 500
2024-09-10 00:42:50 error: Error: jwt must be provided, Status Code: 500
2024-09-10 00:43:09 error: Error: invalid token, Status Code: 500
2024-09-10 00:44:46 error: Error: jwt must be provided, Status Code: 500
2024-09-10 00:44:46 error: Error: jwt must be provided, Status Code: 500
2024-09-10 00:46:48 error: Error: jwt must be provided, Status Code: 500
2024-09-10 00:46:48 error: Error: jwt must be provided, Status Code: 500
2024-09-10 00:52:16 info: Connected to MongoDB Server
2024-09-10 00:52:16 info: Server is running on port 5000
2024-09-10 00:53:01 info: Connected to MongoDB Server
2024-09-10 00:53:01 info: Server is running on port 5000
2024-09-10 00:54:09 error: Error getting posts: Cannot read properties of undefined (reading '_id')
2024-09-10 00:54:09 error: Error: Cannot read properties of undefined (reading '_id'), Status Code: 500
2024-09-10 00:54:46 info: Connected to MongoDB Server
2024-09-10 00:54:46 info: Server is running on port 5000
2024-09-10 00:54:50 error: Error getting posts: Cannot read properties of undefined (reading 'id')
2024-09-10 00:54:50 error: Error: Cannot read properties of undefined (reading 'id'), Status Code: 500
2024-09-10 00:55:26 info: Connected to MongoDB Server
2024-09-10 00:55:26 info: Server is running on port 5000
2024-09-10 00:55:33 info: Connected to MongoDB Server
2024-09-10 00:55:33 info: Server is running on port 5000
2024-09-10 00:55:42 info: Connected to MongoDB Server
2024-09-10 00:55:42 info: Server is running on port 5000
2024-09-10 00:55:52 info: Connected to MongoDB Server
2024-09-10 00:55:52 info: Server is running on port 5000
2024-09-10 00:56:00 info: Connected to MongoDB Server
2024-09-10 00:56:00 info: Server is running on port 5000
2024-09-10 00:56:06 info: Connected to MongoDB Server
2024-09-10 00:56:06 info: Server is running on port 5000
2024-09-10 00:56:13 info: Connected to MongoDB Server
2024-09-10 00:56:13 info: Server is running on port 5000
2024-09-10 00:56:20 info: Connected to MongoDB Server
2024-09-10 00:56:20 info: Server is running on port 5000
2024-09-10 00:56:29 info: Connected to MongoDB Server
2024-09-10 00:56:29 info: Server is running on port 5000
2024-09-10 00:56:32 info: Connected to MongoDB Server
2024-09-10 00:56:32 info: Server is running on port 5000
2024-09-10 00:56:35 info: Connected to MongoDB Server
2024-09-10 00:56:35 info: Server is running on port 5000
2024-09-10 00:56:41 info: Connected to MongoDB Server
2024-09-10 00:56:41 info: Server is running on port 5000
2024-09-10 00:57:01 error: Error: jwt must be provided, Status Code: 500
2024-09-10 00:57:04 error: Error: jwt must be provided, Status Code: 500
2024-09-10 00:57:09 error: Error getting post: Cast to ObjectId failed for value "$" (type string) at path "_id" for model "Post"
2024-09-10 00:57:09 error: Error: Cast to ObjectId failed for value "$" (type string) at path "_id" for model "Post", Status Code: 500
2024-09-10 01:01:38 error: Error: jwt must be provided, Status Code: 500
2024-09-10 01:01:59 error: Error: jwt must be provided, Status Code: 500
2024-09-10 01:01:59 error: Error: jwt must be provided, Status Code: 500
2024-09-10 01:35:10 error: Error: invalid token, Status Code: 500
2024-09-10 14:37:22 error: Error during login: getaddrinfo ENOTFOUND rwanadel-shard-00-00.h8fao.mongodb.net
2024-09-10 14:37:22 error: Error: getaddrinfo ENOTFOUND rwanadel-shard-00-00.h8fao.mongodb.net, Status Code: 500
2024-09-10 14:37:23 error: Error during login: getaddrinfo ENOTFOUND rwanadel-shard-00-00.h8fao.mongodb.net
2024-09-10 14:37:23 error: Error: getaddrinfo ENOTFOUND rwanadel-shard-00-00.h8fao.mongodb.net, Status Code: 500
2024-09-10 14:37:25 error: Error during login: getaddrinfo ENOTFOUND rwanadel-shard-00-00.h8fao.mongodb.net
2024-09-10 14:37:25 error: Error: getaddrinfo ENOTFOUND rwanadel-shard-00-00.h8fao.mongodb.net, Status Code: 500
2024-09-10 14:37:26 error: Error during login: getaddrinfo ENOTFOUND rwanadel-shard-00-00.h8fao.mongodb.net
2024-09-10 14:37:26 error: Error: getaddrinfo ENOTFOUND rwanadel-shard-00-00.h8fao.mongodb.net, Status Code: 500
2024-09-10 14:37:35 error: Error during login: getaddrinfo ENOTFOUND rwanadel-shard-00-00.h8fao.mongodb.net
2024-09-10 14:37:35 error: Error: getaddrinfo ENOTFOUND rwanadel-shard-00-00.h8fao.mongodb.net, Status Code: 500
2024-09-10 14:37:37 error: Error during login: getaddrinfo ENOTFOUND rwanadel-shard-00-00.h8fao.mongodb.net
2024-09-10 14:37:37 error: Error: getaddrinfo ENOTFOUND rwanadel-shard-00-00.h8fao.mongodb.net, Status Code: 500
2024-09-10 14:38:01 error: Error during login: getaddrinfo ENOTFOUND rwanadel-shard-00-00.h8fao.mongodb.net
2024-09-10 14:38:01 error: Error: getaddrinfo ENOTFOUND rwanadel-shard-00-00.h8fao.mongodb.net, Status Code: 500
2024-09-10 14:39:42 error: Error during login: connect ECONNREFUSED 16.24.63.27:27017
2024-09-10 14:39:42 error: Error: connect ECONNREFUSED 16.24.63.27:27017, Status Code: 500
2024-09-10 14:41:19 error: Error: invalid token, Status Code: 500
2024-09-10 14:44:04 error: Error during login: Invalid email or password
2024-09-10 14:44:04 error: Error: Invalid email or password, Status Code: 400
2024-09-10 14:44:07 error: Error during login: Invalid email or password
2024-09-10 14:44:07 error: Error: Invalid email or password, Status Code: 400
2024-09-10 14:56:58 error: Error: invalid token, Status Code: 500
2024-09-10 14:58:30 error: Error: jwt must be provided, Status Code: 500
2024-09-10 15:28:30 error: Error: jwt must be provided, Status Code: 500
2024-09-10 15:28:30 error: Error: jwt must be provided, Status Code: 500
2024-09-10 15:39:55 error: Error: jwt must be provided, Status Code: 500
2024-09-10 15:39:57 error: Error: jwt must be provided, Status Code: 500
2024-09-10 15:56:27 error: Error: jwt must be provided, Status Code: 500
2024-09-10 15:56:27 error: Error: jwt must be provided, Status Code: 500
2024-09-10 15:57:40 info: Connected to MongoDB Server
2024-09-10 15:57:41 info: Server is running on port 5000
2024-09-10 16:14:00 info: Connected to MongoDB Server
2024-09-10 16:14:00 info: Server is running on port 5000
2024-09-10 16:14:27 info: Connected to MongoDB Server
2024-09-10 16:14:27 info: Server is running on port 5000
2024-09-10 16:14:48 info: Connected to MongoDB Server
2024-09-10 16:14:48 info: Server is running on port 5000
2024-09-10 16:25:39 info: Connected to MongoDB Server
2024-09-10 16:25:39 info: Server is running on port 5000
2024-09-10 16:25:42 info: Connected to MongoDB Server
2024-09-10 16:25:42 info: Server is running on port 5000
2024-09-10 16:27:26 info: Connected to MongoDB Server
2024-09-10 16:27:26 info: Server is running on port 5000
2024-09-10 16:27:44 info: Connected to MongoDB Server
2024-09-10 16:27:44 info: Server is running on port 5000
2024-09-10 16:34:16 info: Connected to MongoDB Server
2024-09-10 16:34:16 info: Server is running on port 5000
2024-09-10 16:34:22 info: Connected to MongoDB Server
2024-09-10 16:34:22 info: Server is running on port 5000
2024-09-10 16:34:45 info: Connected to MongoDB Server
2024-09-10 16:34:45 info: Server is running on port 5000
2024-09-10 16:49:46 info: Connected to MongoDB Server
2024-09-10 16:49:46 info: Server is running on port 5000
2024-09-10 17:01:13 info: Connected to MongoDB Server
2024-09-10 17:01:13 info: Server is running on port 5000
2024-09-10 17:02:17 info: Connected to MongoDB Server
2024-09-10 17:02:17 info: Server is running on port 5000
2024-09-10 17:44:59 info: Connected to MongoDB Server
2024-09-10 17:44:59 info: Server is running on port 5000
